2025-06-18 07:09:09,185 [INFO] Activator:176 - 


2025-06-18 07:09:09,187 [INFO] Activator:177 - !SESSION log4j initialized
2025-06-18 07:09:11,314 [INFO] LogOutputStream:77 - [STDOUT_REDIRECT] 
2025-06-18 07:09:13,405 [INFO] ApplicationProperties:184 - Using Application install path: C:\ST\STM32CubeIDE_1.18.1\STM32CubeIDE\plugins\com.st.stm32cube.common.mx_6.14.1.202504091515
2025-06-18 07:09:13,417 [INFO] DbMcusXml:78 - Set database path to: C:\ST\STM32CubeIDE_1.18.1\STM32CubeIDE\plugins\com.st.stm32cube.common.mx_6.14.1.202504091515\\db\/mcu/
2025-06-18 07:09:13,418 [INFO] ApiDb:274 - Set plugin database path to: C:\ST\STM32CubeIDE_1.18.1\STM32CubeIDE\plugins\com.st.stm32cube.common.mx_6.14.1.202504091515\\db\/plugins/boardmanager/
2025-06-18 07:09:13,419 [WARN] ApiDb:259 - Overriding images path with different value:  => C:\ST\STM32CubeIDE_1.18.1\STM32CubeIDE\plugins\com.st.stm32cube.common.mx_6.14.1.202504091515\\db\/plugins/mcufinder/images/
2025-06-18 07:09:13,425 [INFO] ApiDb:250 - Set database path to: C:\Users\momayizt\.stmcufinder\plugins\mcufinder//mcu/
2025-06-18 07:09:13,426 [INFO] DbMcusAds:125 - Set database path to: C:\Users\momayizt\.stmcufinder\plugins\mcufinder//mcu/
2025-06-18 07:09:13,428 [INFO] CrossReferenceDbSqlite:203 - Set database path to: C:\Users\momayizt\.stmcufinder\plugins\mcufinder//mcu/cs/
2025-06-18 07:09:13,489 [INFO] RulesReader:64 - Compatibility file has been processed (302 Rules)
2025-06-18 07:09:13,555 [INFO] DbMcusXml:78 - Set database path to: C:\ST\STM32CubeIDE_1.18.1\STM32CubeIDE\plugins\com.st.stm32cube.common.mx_6.14.1.202504091515\\db\/mcu/
2025-06-18 07:09:13,556 [INFO] ApiDb:274 - Set plugin database path to: C:\ST\STM32CubeIDE_1.18.1\STM32CubeIDE\plugins\com.st.stm32cube.common.mx_6.14.1.202504091515\\db\/plugins/boardmanager/
2025-06-18 07:09:13,557 [INFO] ApiDb:261 - Set plugin images path to: C:\ST\STM32CubeIDE_1.18.1\STM32CubeIDE\plugins\com.st.stm32cube.common.mx_6.14.1.202504091515\\db\/plugins/mcufinder/images/
2025-06-18 07:09:13,558 [WARN] DbFile:41 - Overriding database path with different value: C:\Users\momayizt\.stmcufinder\plugins\mcufinder/ => C:\Users\momayizt\.stmcufinder\plugins\mcufinder
2025-06-18 07:09:13,559 [INFO] ApiDb:250 - Set database path to: C:\Users\momayizt\.stmcufinder\plugins\mcufinder//mcu/
2025-06-18 07:09:13,559 [WARN] DbFile:41 - Overriding database path with different value: C:\Users\momayizt\.stmcufinder\plugins\mcufinder/ => C:\Users\momayizt\.stmcufinder\plugins\mcufinder
2025-06-18 07:09:13,559 [INFO] DbMcusAds:125 - Set database path to: C:\Users\momayizt\.stmcufinder\plugins\mcufinder//mcu/
2025-06-18 07:09:13,560 [WARN] DbFile:41 - Overriding database path with different value: C:\Users\momayizt\.stmcufinder\plugins\mcufinder/ => C:\Users\momayizt\.stmcufinder\plugins\mcufinder
2025-06-18 07:09:13,560 [WARN] DbFile:41 - Overriding database path with different value: C:\Users\momayizt\.stmcufinder\plugins\mcufinder/ => C:\Users\momayizt\.stmcufinder\plugins\mcufinder
2025-06-18 07:09:13,561 [INFO] CrossReferenceDbSqlite:203 - Set database path to: C:\Users\momayizt\.stmcufinder\plugins\mcufinder//mcu/cs/
2025-06-18 07:09:13,624 [INFO] MainPanel:272 - HeapMemory: 268435456
2025-06-18 07:09:13,680 [INFO] DbMcusXml:78 - Set database path to: C:\ST\STM32CubeIDE_1.18.1\STM32CubeIDE\plugins\com.st.stm32cube.common.mx_6.14.1.202504091515\\db\/mcu/
2025-06-18 07:09:13,682 [INFO] ApiDb:274 - Set plugin database path to: C:\ST\STM32CubeIDE_1.18.1\STM32CubeIDE\plugins\com.st.stm32cube.common.mx_6.14.1.202504091515\\db\/plugins/boardmanager/
2025-06-18 07:09:13,683 [INFO] ApiDb:261 - Set plugin images path to: C:\ST\STM32CubeIDE_1.18.1\STM32CubeIDE\plugins\com.st.stm32cube.common.mx_6.14.1.202504091515\\db\/plugins/mcufinder/images/
2025-06-18 07:09:13,684 [WARN] DbFile:41 - Overriding database path with different value: C:\Users\momayizt\.stmcufinder\plugins\mcufinder/ => C:\Users\momayizt\.stmcufinder\plugins\mcufinder
2025-06-18 07:09:13,685 [INFO] ApiDb:250 - Set database path to: C:\Users\momayizt\.stmcufinder\plugins\mcufinder//mcu/
2025-06-18 07:09:13,685 [WARN] DbFile:41 - Overriding database path with different value: C:\Users\momayizt\.stmcufinder\plugins\mcufinder/ => C:\Users\momayizt\.stmcufinder\plugins\mcufinder
2025-06-18 07:09:13,686 [INFO] DbMcusAds:125 - Set database path to: C:\Users\momayizt\.stmcufinder\plugins\mcufinder//mcu/
2025-06-18 07:09:13,687 [WARN] DbFile:41 - Overriding database path with different value: C:\Users\momayizt\.stmcufinder\plugins\mcufinder/ => C:\Users\momayizt\.stmcufinder\plugins\mcufinder
2025-06-18 07:09:13,687 [WARN] DbFile:41 - Overriding database path with different value: C:\Users\momayizt\.stmcufinder\plugins\mcufinder/ => C:\Users\momayizt\.stmcufinder\plugins\mcufinder
2025-06-18 07:09:13,688 [INFO] CrossReferenceDbSqlite:203 - Set database path to: C:\Users\momayizt\.stmcufinder\plugins\mcufinder//mcu/cs/
2025-06-18 07:09:13,699 [INFO] ApplicationProperties:184 - Using Application install path: C:\ST\STM32CubeIDE_1.18.1\STM32CubeIDE\plugins\com.st.stm32cube.common.mx_6.14.1.202504091515
2025-06-18 07:09:13,700 [INFO] PluginManage:196 - Search for loadable plugins [exclusion list=, ]
2025-06-18 07:09:13,702 [INFO] PluginManage:310 - Check plugin analytics
2025-06-18 07:09:13,789 [INFO] AnalyticsPlugin:253 - Accepted Software Licenses: STM32CubeMX.6.14.1
2025-06-18 07:09:13,790 [INFO] AnalyticsPlugin:255 - Accepted CMSIS Pack Licenses: STMicroelectronics.FP-SNS-STBOX1.2.0.0,STMicroelectronics.X-CUBE-BLEMGR.3.1.0,STMicroelectronics.X-CUBE-MEMS1.10.0.0,STMicroelectronics.X-CUBE-BLE2.3.3.0,STMicroelectronics.X-CUBE-NFC4.3.0.0,STMicroelectronics.X-CUBE-MEMS1.11.2.0,STMicroelectronics.X-CUBE-ALGOBUILD.1.4.0,STMicroelectronics.X-CUBE-FREERTOS.1.3.1
2025-06-18 07:09:13,791 [INFO] AnalyticsPlugin:257 - Accepted Firmware Licenses: FW.U5.1.7.0
2025-06-18 07:09:13,793 [INFO] PluginManage:359 - Loaded plugin analytics (category:tool,tabindex:-1)
2025-06-18 07:09:13,794 [INFO] PluginManage:310 - Check plugin cadmodel
2025-06-18 07:09:13,797 [INFO] CADModel:105 - Init CAD model plugin
2025-06-18 07:09:13,798 [INFO] PluginManage:359 - Loaded plugin cadmodel (category:power,tabindex:5)
2025-06-18 07:09:13,799 [INFO] PluginManage:310 - Check plugin clock
2025-06-18 07:09:13,805 [INFO] PluginManage:359 - Loaded plugin clock (category:base,tabindex:2)
2025-06-18 07:09:13,805 [INFO] PluginManage:310 - Check plugin ddr
2025-06-18 07:09:13,807 [INFO] PluginManage:359 - Loaded plugin ddr (category:tool,tabindex:6)
2025-06-18 07:09:13,808 [INFO] PluginManage:310 - Check plugin filemanager
2025-06-18 07:09:13,888 [INFO] PluginManage:359 - Loaded plugin filemanager (category:base,tabindex:10)
2025-06-18 07:09:13,889 [INFO] PluginManage:310 - Check plugin ipmanager
2025-06-18 07:09:13,897 [INFO] PluginManage:359 - Loaded plugin ipmanager (category:base,tabindex:5)
2025-06-18 07:09:13,899 [INFO] PluginManage:310 - Check plugin lpbam
2025-06-18 07:09:13,904 [INFO] PluginManage:359 - Loaded plugin lpbam (category:base,tabindex:0)
2025-06-18 07:09:13,905 [INFO] PluginManage:310 - Check plugin memorymap
2025-06-18 07:09:13,913 [INFO] PluginManage:359 - Loaded plugin memorymap (category:base,tabindex:4)
2025-06-18 07:09:13,913 [INFO] PluginManage:310 - Check plugin pinoutandconfiguration
2025-06-18 07:09:13,924 [INFO] PluginManage:359 - Loaded plugin pinoutandconfiguration (category:base,tabindex:1)
2025-06-18 07:09:13,925 [INFO] PluginManage:310 - Check plugin pinoutconfig
2025-06-18 07:09:13,979 [WARN] SupportedApi:132 - Cannot load RTOS API schema: s4s-elt-must-match.1: The content of 'definitions' must match (annotation?, (simpleType | complexType)?, (unique | key | keyref)*)). A problem was found starting at: attribute.
2025-06-18 07:09:14,054 [INFO] PluginManage:359 - Loaded plugin pinoutconfig (category:base,tabindex:0)
2025-06-18 07:09:14,055 [INFO] PluginManage:310 - Check plugin power
2025-06-18 07:09:14,061 [INFO] PluginManage:359 - Loaded plugin power (category:power,tabindex:4)
2025-06-18 07:09:14,062 [INFO] PluginManage:310 - Check plugin projectmanager
2025-06-18 07:09:14,072 [INFO] PluginManage:359 - Loaded plugin projectmanager (category:projectmanager,tabindex:4)
2025-06-18 07:09:14,074 [INFO] PluginManage:310 - Check plugin rif
2025-06-18 07:09:14,084 [INFO] PluginManage:359 - Loaded plugin rif (category:base,tabindex:3)
2025-06-18 07:09:14,085 [INFO] PluginManage:310 - Check plugin thirdparty
2025-06-18 07:09:14,165 [INFO] PluginManage:359 - Loaded plugin thirdparty (category:base,tabindex:-1)
2025-06-18 07:09:14,165 [WARN] IntegrityCheckThread:84 - waiting for thirdparty lock release [integrity check]
2025-06-18 07:09:14,167 [INFO] PluginManage:310 - Check plugin tools
2025-06-18 07:09:14,167 [INFO] IntegrityCheckThread:86 - entering critical section [integrity check]
2025-06-18 07:09:14,169 [INFO] ThirdPartyUpdaterWithRetryManager:70 - Updater plugin not ready yet. [1/15]
2025-06-18 07:09:14,170 [INFO] PluginManage:359 - Loaded plugin tools (category:base,tabindex:7)
2025-06-18 07:09:14,170 [INFO] PluginManage:310 - Check plugin tutovideos
2025-06-18 07:09:14,257 [INFO] PluginManage:359 - Loaded plugin tutovideos (category:base,tabindex:-1)
2025-06-18 07:09:14,259 [INFO] PluginManage:310 - Check plugin updater
2025-06-18 07:09:14,273 [INFO] PluginManage:359 - Loaded plugin updater (category:base,tabindex:12)
2025-06-18 07:09:14,275 [INFO] PluginManage:310 - Check plugin userauth
2025-06-18 07:09:14,279 [INFO] UserAuth:118 - Init User Auth plugin
2025-06-18 07:09:14,280 [INFO] PluginManage:359 - Loaded plugin userauth (category:base,tabindex:14)
2025-06-18 07:09:14,281 [INFO] PluginManage:283 - PluginManage : Loaded plugins [18]
2025-06-18 07:09:14,411 [INFO] PinOutPanel:1589 - setPackage(No Configuration,No Configuration)
2025-06-18 07:09:14,468 [INFO] CADModel:165 - CPN selected for project level
2025-06-18 07:09:14,469 [INFO] CADModel:114 - Register for checkConnection events
2025-06-18 07:09:14,480 [INFO] IPUIPlugin:80 - create IPUIPlugin
2025-06-18 07:09:14,481 [INFO] PluginManager:220 - loadIPPluginJar : add adc
2025-06-18 07:09:14,484 [INFO] IPUIPlugin:80 - create IPUIPlugin
2025-06-18 07:09:14,485 [INFO] PluginManager:220 - loadIPPluginJar : add aes
2025-06-18 07:09:14,487 [INFO] IPUIPlugin:80 - create IPUIPlugin
2025-06-18 07:09:14,488 [INFO] PluginManager:220 - loadIPPluginJar : add can
2025-06-18 07:09:14,490 [INFO] IPUIPlugin:80 - create IPUIPlugin
2025-06-18 07:09:14,491 [INFO] PluginManager:220 - loadIPPluginJar : add comp
2025-06-18 07:09:14,493 [INFO] IPUIPlugin:80 - create IPUIPlugin
2025-06-18 07:09:14,494 [INFO] PluginManager:220 - loadIPPluginJar : add cryp
2025-06-18 07:09:14,496 [INFO] IPUIPlugin:80 - create IPUIPlugin
2025-06-18 07:09:14,497 [INFO] PluginManager:220 - loadIPPluginJar : add ddr_ctrl_phy
2025-06-18 07:09:14,499 [INFO] IPUIPlugin:80 - create IPUIPlugin
2025-06-18 07:09:14,500 [INFO] PluginManager:220 - loadIPPluginJar : add dfsdm
2025-06-18 07:09:14,503 [INFO] IPUIPlugin:80 - create IPUIPlugin
2025-06-18 07:09:14,504 [INFO] PluginManager:220 - loadIPPluginJar : add dma
2025-06-18 07:09:14,507 [INFO] IPUIPlugin:80 - create IPUIPlugin
2025-06-18 07:09:14,508 [INFO] PluginManager:220 - loadIPPluginJar : add dma3
2025-06-18 07:09:14,510 [INFO] IPUIPlugin:80 - create IPUIPlugin
2025-06-18 07:09:14,510 [INFO] PluginManager:220 - loadIPPluginJar : add extmemmanager
2025-06-18 07:09:14,511 [INFO] IPUIPlugin:80 - create IPUIPlugin
2025-06-18 07:09:14,512 [INFO] PluginManager:220 - loadIPPluginJar : add fatfs
2025-06-18 07:09:14,514 [INFO] IPUIPlugin:80 - create IPUIPlugin
2025-06-18 07:09:14,517 [INFO] PluginManager:220 - loadIPPluginJar : add fmc
2025-06-18 07:09:14,520 [INFO] IPUIPlugin:80 - create IPUIPlugin
2025-06-18 07:09:14,521 [INFO] PluginManager:220 - loadIPPluginJar : add freertos
2025-06-18 07:09:14,523 [INFO] IPUIPlugin:80 - create IPUIPlugin
2025-06-18 07:09:14,524 [INFO] PluginManager:220 - loadIPPluginJar : add genericplugin
2025-06-18 07:09:14,525 [INFO] IPUIPlugin:80 - create IPUIPlugin
2025-06-18 07:09:14,526 [INFO] PluginManager:220 - loadIPPluginJar : add gfxmmu
2025-06-18 07:09:14,529 [INFO] IPUIPlugin:80 - create IPUIPlugin
2025-06-18 07:09:14,530 [INFO] PluginManager:220 - loadIPPluginJar : add gic
2025-06-18 07:09:14,532 [INFO] IPUIPlugin:80 - create IPUIPlugin
2025-06-18 07:09:14,533 [INFO] PluginManager:220 - loadIPPluginJar : add gpio
2025-06-18 07:09:14,535 [INFO] IPUIPlugin:80 - create IPUIPlugin
2025-06-18 07:09:14,536 [INFO] PluginManager:220 - loadIPPluginJar : add gtzc
2025-06-18 07:09:14,538 [INFO] IPUIPlugin:80 - create IPUIPlugin
2025-06-18 07:09:14,539 [INFO] PluginManager:220 - loadIPPluginJar : add hash
2025-06-18 07:09:14,541 [INFO] IPUIPlugin:80 - create IPUIPlugin
2025-06-18 07:09:14,541 [INFO] PluginManager:220 - loadIPPluginJar : add i2c
2025-06-18 07:09:14,543 [INFO] IPUIPlugin:80 - create IPUIPlugin
2025-06-18 07:09:14,544 [INFO] PluginManager:220 - loadIPPluginJar : add i2s
2025-06-18 07:09:14,546 [INFO] IPUIPlugin:80 - create IPUIPlugin
2025-06-18 07:09:14,546 [INFO] PluginManager:220 - loadIPPluginJar : add i3c
2025-06-18 07:09:14,549 [INFO] IPUIPlugin:80 - create IPUIPlugin
2025-06-18 07:09:14,550 [INFO] PluginManager:220 - loadIPPluginJar : add ipddr
2025-06-18 07:09:14,554 [INFO] IPUIPlugin:80 - create IPUIPlugin
2025-06-18 07:09:14,555 [INFO] PluginManager:220 - loadIPPluginJar : add linkedlist
2025-06-18 07:09:14,558 [INFO] IPUIPlugin:80 - create IPUIPlugin
2025-06-18 07:09:14,558 [INFO] PluginManager:220 - loadIPPluginJar : add lorawan
2025-06-18 07:09:14,560 [INFO] IPUIPlugin:80 - create IPUIPlugin
2025-06-18 07:09:14,560 [INFO] PluginManager:220 - loadIPPluginJar : add ltdc
2025-06-18 07:09:14,563 [INFO] IPUIPlugin:80 - create IPUIPlugin
2025-06-18 07:09:14,565 [INFO] PluginManager:220 - loadIPPluginJar : add mdma
2025-06-18 07:09:14,568 [INFO] IPUIPlugin:80 - create IPUIPlugin
2025-06-18 07:09:14,569 [INFO] PluginManager:220 - loadIPPluginJar : add nvic
2025-06-18 07:09:14,571 [INFO] IPUIPlugin:80 - create IPUIPlugin
2025-06-18 07:09:14,572 [INFO] PluginManager:220 - loadIPPluginJar : add opamp
2025-06-18 07:09:14,574 [INFO] IPUIPlugin:80 - create IPUIPlugin
2025-06-18 07:09:14,575 [INFO] PluginManager:220 - loadIPPluginJar : add openamp
2025-06-18 07:09:14,577 [INFO] IPUIPlugin:80 - create IPUIPlugin
2025-06-18 07:09:14,577 [INFO] PluginManager:220 - loadIPPluginJar : add pdm2pcm
2025-06-18 07:09:14,581 [INFO] IPUIPlugin:80 - create IPUIPlugin
2025-06-18 07:09:14,583 [INFO] PluginManager:220 - loadIPPluginJar : add plateformsettings
2025-06-18 07:09:14,584 [INFO] IPUIPlugin:80 - create IPUIPlugin
2025-06-18 07:09:14,585 [INFO] PluginManager:220 - loadIPPluginJar : add quadspi
2025-06-18 07:09:14,586 [INFO] IPUIPlugin:80 - create IPUIPlugin
2025-06-18 07:09:14,587 [INFO] PluginManager:220 - loadIPPluginJar : add radio
2025-06-18 07:09:14,590 [INFO] IPUIPlugin:80 - create IPUIPlugin
2025-06-18 07:09:14,591 [INFO] PluginManager:220 - loadIPPluginJar : add resmgrutility
2025-06-18 07:09:14,593 [INFO] IPUIPlugin:80 - create IPUIPlugin
2025-06-18 07:09:14,594 [INFO] PluginManager:220 - loadIPPluginJar : add sai
2025-06-18 07:09:14,596 [INFO] IPUIPlugin:80 - create IPUIPlugin
2025-06-18 07:09:14,597 [INFO] PluginManager:220 - loadIPPluginJar : add spi
2025-06-18 07:09:14,600 [INFO] IPUIPlugin:80 - create IPUIPlugin
2025-06-18 07:09:14,601 [INFO] PluginManager:220 - loadIPPluginJar : add stm32_wpan
2025-06-18 07:09:14,603 [INFO] IPUIPlugin:80 - create IPUIPlugin
2025-06-18 07:09:14,603 [INFO] PluginManager:220 - loadIPPluginJar : add tim
2025-06-18 07:09:14,606 [INFO] IPUIPlugin:80 - create IPUIPlugin
2025-06-18 07:09:14,607 [INFO] PluginManager:220 - loadIPPluginJar : add touchsensing
2025-06-18 07:09:14,608 [INFO] IPUIPlugin:80 - create IPUIPlugin
2025-06-18 07:09:14,609 [INFO] PluginManager:220 - loadIPPluginJar : add tracer_emb
2025-06-18 07:09:14,611 [INFO] IPUIPlugin:80 - create IPUIPlugin
2025-06-18 07:09:14,611 [INFO] PluginManager:220 - loadIPPluginJar : add ts
2025-06-18 07:09:14,612 [INFO] IPUIPlugin:80 - create IPUIPlugin
2025-06-18 07:09:14,613 [INFO] PluginManager:220 - loadIPPluginJar : add tsc
2025-06-18 07:09:14,614 [INFO] IPUIPlugin:80 - create IPUIPlugin
2025-06-18 07:09:14,615 [INFO] PluginManager:220 - loadIPPluginJar : add ucpd
2025-06-18 07:09:14,617 [INFO] IPUIPlugin:80 - create IPUIPlugin
2025-06-18 07:09:14,618 [INFO] PluginManager:220 - loadIPPluginJar : add usart
2025-06-18 07:09:14,621 [INFO] IPUIPlugin:80 - create IPUIPlugin
2025-06-18 07:09:14,621 [INFO] PluginManager:220 - loadIPPluginJar : add usbx
2025-06-18 07:09:14,728 [FATAL] Updater:351 - Updater called before beeing initialized
2025-06-18 07:09:14,749 [INFO] RulesReader:64 - Compatibility file has been processed (302 Rules)
2025-06-18 07:09:14,755 [INFO] RulesReader:64 - Compatibility file has been processed (302 Rules)
2025-06-18 07:09:14,763 [INFO] CADModel:165 - CPN selected for project level
2025-06-18 07:09:14,764 [INFO] CADModel:114 - Register for checkConnection events
2025-06-18 07:09:14,764 [FATAL] Updater:351 - Updater called before beeing initialized
2025-06-18 07:09:14,765 [ERROR] CADModel:125 - Updater not yet initialized, retry later 
2025-06-18 07:09:14,859 [FATAL] Updater:351 - Updater called before beeing initialized
2025-06-18 07:09:14,861 [INFO] CADModel:165 - CPN selected for project level
2025-06-18 07:09:14,862 [INFO] CADModel:114 - Register for checkConnection events
2025-06-18 07:09:14,863 [FATAL] Updater:351 - Updater called before beeing initialized
2025-06-18 07:09:14,863 [ERROR] CADModel:125 - Updater not yet initialized, retry later 
2025-06-18 07:09:14,865 [FATAL] Updater:351 - Updater called before beeing initialized
2025-06-18 07:09:14,943 [FATAL] Updater:351 - Updater called before beeing initialized
2025-06-18 07:09:14,946 [INFO] DbMcusAds:53 - JSON generation date=Wed May 07 05:07:55 EDT 2025 (1746608875484)
2025-06-18 07:09:14,947 [FATAL] Updater:351 - Updater called before beeing initialized
2025-06-18 07:09:14,971 [WARN] DetailPanel:346 - Failed to get advertising image, set to default
2025-06-18 07:09:15,110 [FATAL] Updater:351 - Updater called before beeing initialized
2025-06-18 07:09:15,114 [FATAL] Updater:351 - Updater called before beeing initialized
2025-06-18 07:09:15,114 [FATAL] Updater:351 - Updater called before beeing initialized
2025-06-18 07:09:15,115 [WARN] DetailPanel:346 - Failed to get advertising image, set to default
2025-06-18 07:09:15,116 [FATAL] Updater:351 - Updater called before beeing initialized
2025-06-18 07:09:15,143 [ERROR] Updater:1198 - MainUpdater not yet initialized. External WinMGr cannot be set.
2025-06-18 07:09:15,145 [INFO] Updater:1134 - Updater Version found : 6.14.1
2025-06-18 07:09:15,157 [INFO] ApplicationProperties:184 - Using Application install path: C:\ST\STM32CubeIDE_1.18.1\STM32CubeIDE\plugins\com.st.stm32cube.common.mx_6.14.1.202504091515
2025-06-18 07:09:16,725 [ERROR] LogOutputStream:75 - [STDERR_REDIRECT] Jun 18, 2025 7:09:16 AM java.util.prefs.WindowsPreferences <init>
2025-06-18 07:09:16,727 [ERROR] LogOutputStream:75 - [STDERR_REDIRECT] WARNING: Could not open/create prefs root node Software\JavaSoft\Prefs at root 0xffffffff80000002. Windows RegCreateKeyEx(...) returned error code 5.
2025-06-18 07:09:16,729 [ERROR] LogOutputStream:75 - [STDERR_REDIRECT] 
2025-06-18 07:09:17,063 [INFO] MainUpdater:2872 - connection check result : 10
2025-06-18 07:09:17,065 [INFO] MainUpdater:289 - Updater Check For Update Now.
2025-06-18 07:09:17,066 [INFO] MicroXplorer:498 - Change Database Version : DB.6.0.141
2025-06-18 07:09:17,095 [INFO] McuFinderGlobals:63 - Set McuFinder mode to 2 (CubeIDE integrated)
2025-06-18 07:09:17,097 [INFO] UserAuth:484 - Internet connection configuration mode: 1
2025-06-18 07:09:17,129 [INFO] JxBrowserEngine:152 - Initiate JxBrowser Engine with user profile folder
2025-06-18 07:09:17,170 [WARN] MainUpdater:1193 - Updater busy. Cannot search thirdparties
2025-06-18 07:09:17,171 [INFO] ThirdPartyUpdaterWithRetryManager:96 - Updater plugin is busy. [1/15]
2025-06-18 07:09:17,250 [INFO] CheckServerUpdateThread:120 - End of CheckServer Thread
2025-06-18 07:09:18,144 [INFO] WebApp:169 - Instantiating new browser for Auth
2025-06-18 07:09:18,485 [ERROR] LogOutputStream:75 - [STDERR_REDIRECT] 
